[2016-07-11 10:20:19,603][clinicSoft][INFO][8308][## consultar_medicamento  ##]
[2016-07-11 10:20:19,604][clinicSoft][INFO][8308][## do_after_request ##]
[2016-07-11 10:22:03,400][clinicSoft][INFO][8308][## login_view  ##]
[2016-07-11 10:22:03,400][clinicSoft][INFO][8308][user-> root@gmail.com]
[2016-07-11 10:22:03,400][clinicSoft][INFO][8308][passwd-> 123456]
[2016-07-11 10:22:03,400][clinicSoft][INFO][8308][## LoginService->login  ##]
[2016-07-11 10:22:03,401][clinicSoft][INFO][8308][## LoginDao-> valida_usuario  ##]
[2016-07-11 10:22:03,402][clinicSoft][INFO][8308][id_usuario-> 1]
[2016-07-11 10:22:03,402][clinicSoft][INFO][8308][## do_after_request ##]
[2016-07-11 10:22:19,791][clinicSoft][INFO][8308][## do_after_request ##]
[2016-07-11 10:22:19,799][clinicSoft][INFO][8308][##  busca_medicament  ##]
[2016-07-11 10:22:19,799][clinicSoft][INFO][8308][Web_Token-> ]
[2016-07-11 10:22:19,800][clinicSoft][INFO][8308][## buscar_medicamento ##]
[2016-07-11 10:22:19,800][clinicSoft][INFO][8308][## consultar_medicamento  ##]
[2016-07-11 10:22:19,801][clinicSoft][INFO][8308][## do_after_request ##]
[2016-07-11 10:22:52,475][clinicSoft][INFO][8308][## login_view  ##]
[2016-07-11 10:22:52,475][clinicSoft][INFO][8308][user-> root@gmail.com]
[2016-07-11 10:22:52,476][clinicSoft][INFO][8308][passwd-> 123456]
[2016-07-11 10:22:52,476][clinicSoft][INFO][8308][## LoginService->login  ##]
[2016-07-11 10:22:52,476][clinicSoft][INFO][8308][## LoginDao-> valida_usuario  ##]
[2016-07-11 10:22:52,477][clinicSoft][INFO][8308][id_usuario-> 1]
[2016-07-11 10:22:52,478][clinicSoft][INFO][8308][## do_after_request ##]
[2016-07-11 10:22:58,282][clinicSoft][INFO][8308][## do_after_request ##]
[2016-07-11 10:22:58,286][clinicSoft][INFO][8308][##  busca_medicament  ##]
[2016-07-11 10:22:58,286][clinicSoft][INFO][8308][Web_Token-> ]
[2016-07-11 10:22:58,287][clinicSoft][INFO][8308][## buscar_medicamento ##]
[2016-07-11 10:22:58,287][clinicSoft][INFO][8308][## consultar_medicamento  ##]
[2016-07-11 10:22:58,288][clinicSoft][INFO][8308][## do_after_request ##]
[2016-07-11 10:25:26,940][clinicSoft][INFO][8757][[OK] log4py]
[2016-07-11 10:25:26,959][clinicSoft][INFO][8757][## iniciando servidor clinicSoft  ##]
[2016-07-11 10:26:16,483][clinicSoft][INFO][8772][[OK] log4py]
[2016-07-11 10:26:16,518][clinicSoft][INFO][8772][## iniciando servidor clinicSoft  ##]
[2016-07-11 10:27:33,020][clinicSoft][INFO][8794][[OK] log4py]
[2016-07-11 10:27:33,044][clinicSoft][INFO][8794][## iniciando servidor clinicSoft  ##]
[2016-07-11 10:27:41,325][clinicSoft][INFO][8801][[OK] log4py]
[2016-07-11 10:27:41,342][clinicSoft][INFO][8801][## iniciando servidor clinicSoft  ##]
[2016-07-11 10:27:45,217][clinicSoft][INFO][8801][## do_before_request ##]
[2016-07-11 10:27:45,218][clinicSoft][ERROR][8801][Error-> 'HTTP_WEB_TOKEN']
[2016-07-11 10:27:45,243][clinicSoft][INFO][8801][## do_after_request ##]
[2016-07-11 10:28:35,783][clinicSoft][INFO][8818][[OK] log4py]
[2016-07-11 10:28:35,804][clinicSoft][INFO][8818][## iniciando servidor clinicSoft  ##]
[2016-07-11 10:28:39,707][clinicSoft][INFO][8818][## do_before_request ##]
[2016-07-11 10:28:39,709][clinicSoft][ERROR][8818][Error-> 'HTTP_WEB_TOKEN']
[2016-07-11 10:28:39,712][clinicSoft][INFO][8818][## do_after_request ##]
[2016-07-11 10:32:44,876][clinicSoft][INFO][9019][[OK] log4py]
[2016-07-11 10:32:44,897][clinicSoft][INFO][9019][## iniciando servidor clinicSoft  ##]
[2016-07-11 10:32:51,211][clinicSoft][INFO][9019][## do_before_request ##]
[2016-07-11 10:32:51,212][clinicSoft][ERROR][9019][Error-> 'HTTP_WEB_TOKEN']
[2016-07-11 10:32:51,213][clinicSoft][INFO][9019][## do_after_request ##]
[2016-07-11 10:34:21,475][clinicSoft][INFO][9046][[OK] log4py]
[2016-07-11 10:34:21,493][clinicSoft][INFO][9046][## iniciando servidor clinicSoft  ##]
[2016-07-11 10:34:24,999][clinicSoft][INFO][9046][## do_before_request ##]
[2016-07-11 10:34:25,000][clinicSoft][ERROR][9046][Error-> 'HTTP_WEB_TOKEN']
[2016-07-11 10:34:25,002][clinicSoft][INFO][9046][## do_after_request ##]
[2016-07-11 10:35:21,389][clinicSoft][INFO][9046][## do_before_request ##]
[2016-07-11 10:35:21,389][clinicSoft][ERROR][9046][Error-> 'HTTP_WEB_TOKEN']
[2016-07-11 10:35:21,389][clinicSoft][INFO][9046][## do_after_request ##]
[2016-07-11 10:35:48,412][clinicSoft][INFO][9046][## do_before_request ##]
[2016-07-11 10:35:48,413][clinicSoft][ERROR][9046][Error-> 'HTTP_WEB_TOKEN']
[2016-07-11 10:35:48,413][clinicSoft][INFO][9046][## do_after_request ##]
[2016-07-11 10:36:26,137][clinicSoft][INFO][9079][[OK] log4py]
[2016-07-11 10:36:26,156][clinicSoft][INFO][9079][## iniciando servidor clinicSoft  ##]
[2016-07-11 10:36:39,847][clinicSoft][INFO][9079][## do_before_request ##]
[2016-07-11 10:36:39,848][clinicSoft][INFO][9079][La expresion fallo o es un path sin configuracion, se deja continuar...]
[2016-07-11 10:36:39,848][clinicSoft][INFO][9079][## login_view  ##]
[2016-07-11 10:36:39,849][clinicSoft][INFO][9079][user-> root@gmail.com]
[2016-07-11 10:36:39,849][clinicSoft][INFO][9079][passwd-> 123456]
[2016-07-11 10:36:39,849][clinicSoft][INFO][9079][## LoginService->login  ##]
[2016-07-11 10:36:39,850][clinicSoft][INFO][9079][## LoginDao-> valida_usuario  ##]
[2016-07-11 10:36:39,851][clinicSoft][INFO][9079][id_usuario-> 1]
[2016-07-11 10:36:39,852][clinicSoft][INFO][9079][## do_after_request ##]
[2016-07-11 10:36:45,474][clinicSoft][INFO][9079][## do_before_request ##]
[2016-07-11 10:36:45,474][clinicSoft][ERROR][9079][Error-> 'HTTP_WEB_TOKEN']
[2016-07-11 10:36:45,476][clinicSoft][INFO][9079][## do_after_request ##]
[2016-07-11 10:38:46,599][clinicSoft][INFO][9139][[OK] log4py]
[2016-07-11 10:38:46,616][clinicSoft][INFO][9139][## iniciando servidor clinicSoft  ##]
[2016-07-11 10:38:46,787][clinicSoft][INFO][9141][[OK] log4py]
[2016-07-11 10:38:46,804][clinicSoft][INFO][9141][## iniciando servidor clinicSoft  ##]
[2016-07-11 10:38:51,072][clinicSoft][INFO][9141][## do_before_request ##]
[2016-07-11 10:38:51,073][clinicSoft][ERROR][9141][Error-> 'HTTP_WEB_TOKEN']
[2016-07-11 10:38:51,074][clinicSoft][INFO][9141][## do_after_request ##]
[2016-07-11 10:38:57,996][clinicSoft][INFO][9149][[OK] log4py]
[2016-07-11 10:38:58,014][clinicSoft][INFO][9149][## iniciando servidor clinicSoft  ##]
[2016-07-11 10:38:58,184][clinicSoft][INFO][9151][[OK] log4py]
[2016-07-11 10:38:58,201][clinicSoft][INFO][9151][## iniciando servidor clinicSoft  ##]
[2016-07-11 10:39:00,481][clinicSoft][INFO][9151][## do_before_request ##]
[2016-07-11 10:39:00,482][clinicSoft][ERROR][9151][Error-> 'HTTP_WEB_TOKEN']
[2016-07-11 10:39:00,483][clinicSoft][INFO][9151][## do_after_request ##]
[2016-07-11 10:46:11,070][clinicSoft][INFO][9151][## do_before_request ##]
[2016-07-11 10:46:11,070][clinicSoft][INFO][9151][La expresion fallo o es un path sin configuracion, se deja continuar...]
[2016-07-11 10:46:11,071][clinicSoft][INFO][9151][## do_after_request ##]
[2016-07-11 10:46:11,078][clinicSoft][INFO][9151][## do_before_request ##]
[2016-07-11 10:46:11,078][clinicSoft][INFO][9151][La expresion fallo o es un path sin configuracion, se deja continuar...]
[2016-07-11 10:46:11,078][clinicSoft][INFO][9151][## do_after_request ##]
[2016-07-11 10:46:20,119][clinicSoft][INFO][9151][## do_before_request ##]
[2016-07-11 10:46:20,119][clinicSoft][INFO][9151][La expresion fallo o es un path sin configuracion, se deja continuar...]
[2016-07-11 10:46:20,120][clinicSoft][INFO][9151][## do_after_request ##]
[2016-07-11 10:46:20,128][clinicSoft][INFO][9151][## do_before_request ##]
[2016-07-11 10:46:20,129][clinicSoft][INFO][9151][La expresion fallo o es un path sin configuracion, se deja continuar...]
[2016-07-11 10:46:20,129][clinicSoft][INFO][9151][## do_after_request ##]
[2016-07-11 10:47:23,016][clinicSoft][INFO][9371][[OK] log4py]
[2016-07-11 10:47:23,033][clinicSoft][INFO][9371][## iniciando servidor clinicSoft  ##]
[2016-07-11 10:48:09,865][clinicSoft][INFO][9371][## do_before_request ##]
[2016-07-11 10:48:09,866][clinicSoft][INFO][9371][La expresion fallo o es un path sin configuracion, se deja continuar...]
[2016-07-11 10:48:09,866][clinicSoft][INFO][9371][## login_view  ##]
[2016-07-11 10:48:09,866][clinicSoft][ERROR][9371][Error-> 400: Bad Request]
[2016-07-11 10:48:09,867][clinicSoft][INFO][9371][## do_after_request ##]
[2016-07-11 10:49:43,816][clinicSoft][INFO][9472][[OK] log4py]
[2016-07-11 10:49:43,839][clinicSoft][INFO][9472][## iniciando servidor clinicSoft  ##]
[2016-07-11 10:50:03,168][clinicSoft][INFO][9481][[OK] log4py]
[2016-07-11 10:50:03,191][clinicSoft][INFO][9481][## iniciando servidor clinicSoft  ##]
[2016-07-11 10:51:39,643][clinicSoft][INFO][9481][## do_before_request ##]
[2016-07-11 10:51:39,645][clinicSoft][INFO][9481][La expresion fallo o es un path sin configuracion, se deja continuar...]
[2016-07-11 10:51:39,645][clinicSoft][INFO][9481][## login_view  ##]
[2016-07-11 10:51:39,646][clinicSoft][INFO][9481][user-> root@gmail.com]
[2016-07-11 10:51:39,646][clinicSoft][INFO][9481][passwd-> 123456]
[2016-07-11 10:51:39,646][clinicSoft][INFO][9481][## LoginService->login  ##]
[2016-07-11 10:51:39,646][clinicSoft][INFO][9481][## LoginDao-> valida_usuario  ##]
[2016-07-11 10:51:39,647][clinicSoft][INFO][9481][id_usuario-> 1]
[2016-07-11 10:51:39,648][clinicSoft][INFO][9481][## do_after_request ##]
[2016-07-11 10:51:54,360][clinicSoft][INFO][9481][## do_before_request ##]
[2016-07-11 10:51:54,361][clinicSoft][ERROR][9481][Error-> 'HTTP_WEB_TOKEN']
[2016-07-11 10:51:54,362][clinicSoft][INFO][9481][## do_after_request ##]
[2016-07-11 11:06:21,315][clinicSoft][INFO][10104][[OK] log4py]
[2016-07-11 11:06:21,333][clinicSoft][INFO][10104][## iniciando servidor clinicSoft  ##]
[2016-07-11 11:07:03,173][clinicSoft][INFO][10104][## do_before_request ##]
[2016-07-11 11:07:03,174][clinicSoft][INFO][10104][La expresion fallo o es un path sin configuracion, se deja continuar...]
[2016-07-11 11:07:03,175][clinicSoft][INFO][10104][## login_view  ##]
[2016-07-11 11:07:03,175][clinicSoft][INFO][10104][user-> root@gmail.com]
[2016-07-11 11:07:03,175][clinicSoft][INFO][10104][passwd-> 123456]
[2016-07-11 11:07:03,176][clinicSoft][INFO][10104][## LoginService->login  ##]
[2016-07-11 11:07:03,176][clinicSoft][INFO][10104][## LoginDao-> valida_usuario  ##]
[2016-07-11 11:07:03,177][clinicSoft][INFO][10104][id_usuario-> 1]
[2016-07-11 11:07:03,177][clinicSoft][INFO][10104][## do_after_request ##]
[2016-07-11 11:07:08,455][clinicSoft][INFO][10104][## do_before_request ##]
[2016-07-11 11:07:08,455][clinicSoft][ERROR][10104][Error-> 'HTTP_WEB_TOKEN']
[2016-07-11 11:07:08,457][clinicSoft][INFO][10104][## do_after_request ##]
[2016-07-11 11:10:10,153][clinicSoft][INFO][10214][[OK] log4py]
[2016-07-11 11:10:10,171][clinicSoft][INFO][10214][## iniciando servidor clinicSoft  ##]
[2016-07-11 11:10:16,697][clinicSoft][INFO][10214][## do_before_request ##]
[2016-07-11 11:10:16,698][clinicSoft][INFO][10214][## security_filter-> valida_token ##]
[2016-07-11 11:10:16,699][clinicSoft][INFO][10214][jwt-> {'id_usuario': 1, 'usuario': 'root@gmail.com', 'creation_time': '2016/07/11 11:07:03:177179'}]
[2016-07-11 11:10:16,699][clinicSoft][INFO][10214][Token correcto...]
[2016-07-11 11:10:16,699][clinicSoft][INFO][10214][##  busca_medicament  ##]
[2016-07-11 11:10:16,699][clinicSoft][INFO][10214][Web_Token-> ]
[2016-07-11 11:10:16,699][clinicSoft][ERROR][10214][Error-> 400: Bad Request]
[2016-07-11 11:10:16,700][clinicSoft][INFO][10214][## do_after_request ##]
[2016-07-11 11:12:03,671][clinicSoft][INFO][10243][[OK] log4py]
[2016-07-11 11:12:03,689][clinicSoft][INFO][10243][## iniciando servidor clinicSoft  ##]
[2016-07-11 11:12:14,921][clinicSoft][INFO][10250][[OK] log4py]
[2016-07-11 11:12:14,939][clinicSoft][INFO][10250][## iniciando servidor clinicSoft  ##]
[2016-07-11 11:13:07,278][clinicSoft][INFO][10265][[OK] log4py]
[2016-07-11 11:13:07,295][clinicSoft][INFO][10265][## iniciando servidor clinicSoft  ##]
[2016-07-11 11:13:14,639][clinicSoft][INFO][10265][## do_before_request ##]
[2016-07-11 11:13:14,640][clinicSoft][INFO][10265][## security_filter-> valida_token ##]
[2016-07-11 11:13:14,640][clinicSoft][INFO][10265][jwt-> {'id_usuario': 1, 'creation_time': '2016/07/11 11:07:03:177179', 'usuario': 'root@gmail.com'}]
[2016-07-11 11:13:14,640][clinicSoft][INFO][10265][Token correcto...]
[2016-07-11 11:13:14,641][clinicSoft][INFO][10265][## do_after_request ##]
[2016-07-11 11:13:14,652][clinicSoft][INFO][10265][## do_before_request ##]
[2016-07-11 11:13:14,652][clinicSoft][INFO][10265][## security_filter-> valida_token ##]
[2016-07-11 11:13:14,653][clinicSoft][INFO][10265][jwt-> {'id_usuario': 1, 'creation_time': '2016/07/11 11:07:03:177179', 'usuario': 'root@gmail.com'}]
[2016-07-11 11:13:14,653][clinicSoft][INFO][10265][Token correcto...]
[2016-07-11 11:13:14,653][clinicSoft][INFO][10265][##  busca_medicament  ##]
[2016-07-11 11:13:14,653][clinicSoft][INFO][10265][## buscar_medicamento ##]
[2016-07-11 11:13:14,653][clinicSoft][INFO][10265][## consultar_medicamento  ##]
[2016-07-11 11:13:14,655][clinicSoft][INFO][10265][## do_after_request ##]
[2016-07-11 11:15:00,785][clinicSoft][INFO][10295][[OK] log4py]
[2016-07-11 11:15:00,803][clinicSoft][INFO][10295][## iniciando servidor clinicSoft  ##]
[2016-07-11 11:15:06,538][clinicSoft][INFO][10295][## do_before_request ##]
[2016-07-11 11:15:06,539][clinicSoft][INFO][10295][## security_filter-> valida_token ##]
[2016-07-11 11:15:06,539][clinicSoft][INFO][10295][jwt-> {'creation_time': '2016/07/11 11:07:03:177179', 'usuario': 'root@gmail.com', 'id_usuario': 1}]
[2016-07-11 11:15:06,539][clinicSoft][INFO][10295][Token correcto...]
[2016-07-11 11:15:06,540][clinicSoft][INFO][10295][## do_after_request ##]
[2016-07-11 11:15:06,546][clinicSoft][INFO][10295][## do_before_request ##]
[2016-07-11 11:15:06,546][clinicSoft][INFO][10295][## security_filter-> valida_token ##]
[2016-07-11 11:15:06,547][clinicSoft][INFO][10295][jwt-> {'creation_time': '2016/07/11 11:07:03:177179', 'usuario': 'root@gmail.com', 'id_usuario': 1}]
[2016-07-11 11:15:06,547][clinicSoft][INFO][10295][Token correcto...]
[2016-07-11 11:15:06,547][clinicSoft][INFO][10295][##  busca_medicament  ##]
[2016-07-11 11:15:06,547][clinicSoft][INFO][10295][## buscar_medicamento ##]
[2016-07-11 11:15:06,547][clinicSoft][INFO][10295][## consultar_medicamento  ##]
[2016-07-11 11:15:06,549][clinicSoft][INFO][10295][## do_after_request ##]
[2016-07-11 11:15:32,727][clinicSoft][INFO][10295][## do_before_request ##]
[2016-07-11 11:15:32,727][clinicSoft][INFO][10295][## security_filter-> valida_token ##]
[2016-07-11 11:15:32,727][clinicSoft][INFO][10295][jwt-> {'creation_time': '2016/07/11 11:07:03:177179', 'usuario': 'root@gmail.com', 'id_usuario': 1}]
[2016-07-11 11:15:32,727][clinicSoft][INFO][10295][Token correcto...]
[2016-07-11 11:15:32,728][clinicSoft][INFO][10295][## do_after_request ##]
[2016-07-11 11:15:32,736][clinicSoft][INFO][10295][## do_before_request ##]
[2016-07-11 11:15:32,736][clinicSoft][INFO][10295][## security_filter-> valida_token ##]
[2016-07-11 11:15:32,736][clinicSoft][INFO][10295][jwt-> {'creation_time': '2016/07/11 11:07:03:177179', 'usuario': 'root@gmail.com', 'id_usuario': 1}]
[2016-07-11 11:15:32,736][clinicSoft][INFO][10295][Token correcto...]
[2016-07-11 11:15:32,736][clinicSoft][INFO][10295][##  busca_medicament  ##]
[2016-07-11 11:15:32,737][clinicSoft][INFO][10295][## buscar_medicamento ##]
[2016-07-11 11:15:32,737][clinicSoft][INFO][10295][## consultar_medicamento  ##]
[2016-07-11 11:15:32,737][clinicSoft][INFO][10295][## do_after_request ##]
[2016-07-11 11:16:47,272][clinicSoft][INFO][10324][[OK] log4py]
[2016-07-11 11:16:47,290][clinicSoft][INFO][10324][## iniciando servidor clinicSoft  ##]
[2016-07-11 11:17:26,597][clinicSoft][INFO][10340][[OK] log4py]
[2016-07-11 11:17:26,614][clinicSoft][INFO][10340][## iniciando servidor clinicSoft  ##]
[2016-07-11 11:17:32,597][clinicSoft][INFO][10340][## do_before_request ##]
[2016-07-11 11:17:32,598][clinicSoft][INFO][10340][## security_filter-> valida_token ##]
[2016-07-11 11:17:32,599][clinicSoft][INFO][10340][jwt-> {'id_usuario': 1, 'usuario': 'root@gmail.com', 'creation_time': '2016/07/11 11:07:03:177179'}]
[2016-07-11 11:17:32,599][clinicSoft][INFO][10340][Token correcto...]
[2016-07-11 11:17:32,599][clinicSoft][INFO][10340][## do_after_request ##]
[2016-07-11 11:17:32,607][clinicSoft][INFO][10340][## do_before_request ##]
[2016-07-11 11:17:32,608][clinicSoft][INFO][10340][## security_filter-> valida_token ##]
[2016-07-11 11:17:32,608][clinicSoft][INFO][10340][jwt-> {'id_usuario': 1, 'usuario': 'root@gmail.com', 'creation_time': '2016/07/11 11:07:03:177179'}]
[2016-07-11 11:17:32,608][clinicSoft][INFO][10340][Token correcto...]
[2016-07-11 11:17:32,608][clinicSoft][INFO][10340][##  busca_medicament  ##]
[2016-07-11 11:17:32,608][clinicSoft][INFO][10340][web_token-> eyJ0eXAiOiJKV1QiLCJhbGciOiJIUzI1NiJ9.eyJ1c3VhcmlvIjoicm9vdEBnbWFpbC5jb20iLCJpZF91c3VhcmlvIjoxLCJjcmVhdGlvbl90aW1lIjoiMjAxNi8wNy8xMSAxMTowNzowMzoxNzcxNzkifQ.TscqcA7oa2PRwRg4RhwJba-_wdk4oAm97OURP-Tc5gQ]
[2016-07-11 11:17:32,608][clinicSoft][INFO][10340][## buscar_medicamento ##]
[2016-07-11 11:17:32,608][clinicSoft][INFO][10340][## consultar_medicamento  ##]
[2016-07-11 11:17:32,609][clinicSoft][INFO][10340][## do_after_request ##]
[2016-07-11 11:18:03,805][clinicSoft][INFO][10340][## do_before_request ##]
[2016-07-11 11:18:03,806][clinicSoft][INFO][10340][## security_filter-> valida_token ##]
[2016-07-11 11:18:03,806][clinicSoft][INFO][10340][jwt-> {'id_usuario': 1, 'usuario': 'root@gmail.com', 'creation_time': '2016/07/11 11:07:03:177179'}]
[2016-07-11 11:18:03,806][clinicSoft][INFO][10340][Token correcto...]
[2016-07-11 11:18:03,807][clinicSoft][INFO][10340][## do_after_request ##]
[2016-07-11 11:18:03,817][clinicSoft][INFO][10340][## do_before_request ##]
[2016-07-11 11:18:03,817][clinicSoft][INFO][10340][## security_filter-> valida_token ##]
[2016-07-11 11:18:03,818][clinicSoft][INFO][10340][jwt-> {'id_usuario': 1, 'usuario': 'root@gmail.com', 'creation_time': '2016/07/11 11:07:03:177179'}]
[2016-07-11 11:18:03,818][clinicSoft][INFO][10340][Token correcto...]
[2016-07-11 11:18:03,818][clinicSoft][INFO][10340][##  busca_medicament  ##]
[2016-07-11 11:18:03,818][clinicSoft][INFO][10340][web_token-> eyJ0eXAiOiJKV1QiLCJhbGciOiJIUzI1NiJ9.eyJ1c3VhcmlvIjoicm9vdEBnbWFpbC5jb20iLCJpZF91c3VhcmlvIjoxLCJjcmVhdGlvbl90aW1lIjoiMjAxNi8wNy8xMSAxMTowNzowMzoxNzcxNzkifQ.TscqcA7oa2PRwRg4RhwJba-_wdk4oAm97OURP-Tc5gQ]
[2016-07-11 11:18:03,818][clinicSoft][INFO][10340][## buscar_medicamento ##]
[2016-07-11 11:18:03,818][clinicSoft][INFO][10340][## consultar_medicamento  ##]
[2016-07-11 11:18:03,819][clinicSoft][INFO][10340][## do_after_request ##]
[2016-07-11 11:23:06,710][clinicSoft][INFO][10420][[OK] log4py]
[2016-07-11 11:23:06,727][clinicSoft][INFO][10420][## iniciando servidor clinicSoft  ##]
[2016-07-11 11:24:11,091][clinicSoft][INFO][10440][[OK] log4py]
[2016-07-11 11:24:11,108][clinicSoft][INFO][10440][## iniciando servidor clinicSoft  ##]
[2016-07-11 11:25:27,501][clinicSoft][INFO][10465][[OK] log4py]
[2016-07-11 11:25:27,519][clinicSoft][INFO][10465][## iniciando servidor clinicSoft  ##]
[2016-07-11 11:26:00,801][clinicSoft][INFO][10476][[OK] log4py]
[2016-07-11 11:26:00,819][clinicSoft][INFO][10476][## iniciando servidor clinicSoft  ##]
[2016-07-11 11:56:03,814][clinicSoft][INFO][10476][## do_before_request ##]
[2016-07-11 11:56:03,815][clinicSoft][INFO][10476][La expresion fallo o es un path sin configuracion, se deja continuar...]
[2016-07-11 11:56:03,815][clinicSoft][INFO][10476][## login_view  ##]
[2016-07-11 11:56:03,816][clinicSoft][INFO][10476][user-> root@gmail.com]
[2016-07-11 11:56:03,816][clinicSoft][INFO][10476][passwd-> 123456]
[2016-07-11 11:56:03,816][clinicSoft][INFO][10476][## LoginService->login  ##]
[2016-07-11 11:56:03,816][clinicSoft][INFO][10476][## LoginDao-> valida_usuario  ##]
[2016-07-11 11:56:03,817][clinicSoft][INFO][10476][id_usuario-> 1]
[2016-07-11 11:56:03,818][clinicSoft][INFO][10476][## do_after_request ##]
[2016-07-11 11:56:10,014][clinicSoft][INFO][10476][## do_before_request ##]
[2016-07-11 11:56:10,015][clinicSoft][INFO][10476][## security_filter-> valida_token ##]
[2016-07-11 11:56:10,015][clinicSoft][INFO][10476][Token correcto...]
[2016-07-11 11:56:10,015][clinicSoft][INFO][10476][## do_after_request ##]
[2016-07-11 11:56:10,029][clinicSoft][INFO][10476][## do_before_request ##]
[2016-07-11 11:56:10,030][clinicSoft][INFO][10476][## security_filter-> valida_token ##]
[2016-07-11 11:56:10,030][clinicSoft][INFO][10476][Token correcto...]
[2016-07-11 11:56:10,030][clinicSoft][INFO][10476][##  busca_medicament  ##]
[2016-07-11 11:56:10,031][clinicSoft][INFO][10476][## buscar_medicamento ##]
[2016-07-11 11:56:10,031][clinicSoft][INFO][10476][## consultar_medicamento  ##]
[2016-07-11 11:56:10,032][clinicSoft][INFO][10476][## do_after_request ##]
[2016-07-11 11:59:01,884][clinicSoft][INFO][10476][## do_before_request ##]
[2016-07-11 11:59:01,884][clinicSoft][INFO][10476][## security_filter-> valida_token ##]
[2016-07-11 11:59:01,885][clinicSoft][INFO][10476][Token correcto...]
[2016-07-11 11:59:01,885][clinicSoft][INFO][10476][## do_after_request ##]
[2016-07-11 11:59:01,892][clinicSoft][INFO][10476][## do_before_request ##]
[2016-07-11 11:59:01,892][clinicSoft][INFO][10476][## security_filter-> valida_token ##]
[2016-07-11 11:59:01,893][clinicSoft][INFO][10476][Token correcto...]
[2016-07-11 11:59:01,893][clinicSoft][INFO][10476][##  busca_medicament  ##]
[2016-07-11 11:59:01,893][clinicSoft][INFO][10476][## buscar_medicamento ##]
[2016-07-11 11:59:01,893][clinicSoft][INFO][10476][## consultar_medicamento  ##]
[2016-07-11 11:59:01,894][clinicSoft][INFO][10476][## do_after_request ##]
[2016-07-11 12:00:54,895][clinicSoft][INFO][10476][## do_before_request ##]
[2016-07-11 12:00:54,895][clinicSoft][INFO][10476][La expresion fallo o es un path sin configuracion, se deja continuar...]
[2016-07-11 12:00:54,895][clinicSoft][INFO][10476][## login_view  ##]
[2016-07-11 12:00:54,895][clinicSoft][INFO][10476][user-> root@gmail.com]
[2016-07-11 12:00:54,896][clinicSoft][INFO][10476][passwd-> 123456]
[2016-07-11 12:00:54,896][clinicSoft][INFO][10476][## LoginService->login  ##]
[2016-07-11 12:00:54,896][clinicSoft][INFO][10476][## LoginDao-> valida_usuario  ##]
[2016-07-11 12:00:54,896][clinicSoft][INFO][10476][id_usuario-> 1]
[2016-07-11 12:00:54,897][clinicSoft][INFO][10476][## do_after_request ##]
[2016-07-11 12:01:07,238][clinicSoft][INFO][10476][## do_before_request ##]
[2016-07-11 12:01:07,239][clinicSoft][INFO][10476][## security_filter-> valida_token ##]
[2016-07-11 12:01:07,239][clinicSoft][INFO][10476][Token correcto...]
[2016-07-11 12:01:07,239][clinicSoft][INFO][10476][## do_after_request ##]
[2016-07-11 12:01:07,252][clinicSoft][INFO][10476][## do_before_request ##]
[2016-07-11 12:01:07,252][clinicSoft][INFO][10476][## security_filter-> valida_token ##]
[2016-07-11 12:01:07,252][clinicSoft][INFO][10476][Token correcto...]
[2016-07-11 12:01:07,252][clinicSoft][INFO][10476][##  busca_medicament  ##]
[2016-07-11 12:01:07,253][clinicSoft][INFO][10476][## buscar_medicamento ##]
[2016-07-11 12:01:07,253][clinicSoft][INFO][10476][## consultar_medicamento  ##]
[2016-07-11 12:01:07,253][clinicSoft][INFO][10476][## do_after_request ##]
[2016-07-11 12:02:41,703][clinicSoft][INFO][10476][## do_before_request ##]
[2016-07-11 12:02:41,703][clinicSoft][INFO][10476][La expresion fallo o es un path sin configuracion, se deja continuar...]
[2016-07-11 12:02:41,703][clinicSoft][INFO][10476][## login_view  ##]
[2016-07-11 12:02:41,704][clinicSoft][INFO][10476][user-> root@gmail.com]
[2016-07-11 12:02:41,704][clinicSoft][INFO][10476][passwd-> 123456]
[2016-07-11 12:02:41,704][clinicSoft][INFO][10476][## LoginService->login  ##]
[2016-07-11 12:02:41,704][clinicSoft][INFO][10476][## LoginDao-> valida_usuario  ##]
[2016-07-11 12:02:41,705][clinicSoft][INFO][10476][id_usuario-> 1]
[2016-07-11 12:02:41,705][clinicSoft][INFO][10476][## do_after_request ##]
[2016-07-11 12:02:47,934][clinicSoft][INFO][10476][## do_before_request ##]
[2016-07-11 12:02:47,934][clinicSoft][INFO][10476][## security_filter-> valida_token ##]
[2016-07-11 12:02:47,935][clinicSoft][INFO][10476][Token correcto...]
[2016-07-11 12:02:47,935][clinicSoft][INFO][10476][## do_after_request ##]
[2016-07-11 12:02:47,944][clinicSoft][INFO][10476][## do_before_request ##]
[2016-07-11 12:02:47,945][clinicSoft][INFO][10476][## security_filter-> valida_token ##]
[2016-07-11 12:02:47,945][clinicSoft][INFO][10476][Token correcto...]
[2016-07-11 12:02:47,945][clinicSoft][INFO][10476][##  busca_medicament  ##]
[2016-07-11 12:02:47,945][clinicSoft][INFO][10476][## buscar_medicamento ##]
[2016-07-11 12:02:47,946][clinicSoft][INFO][10476][## consultar_medicamento  ##]
[2016-07-11 12:02:47,946][clinicSoft][INFO][10476][## do_after_request ##]
[2016-07-11 12:04:01,157][clinicSoft][INFO][10476][## do_before_request ##]
[2016-07-11 12:04:01,157][clinicSoft][INFO][10476][La expresion fallo o es un path sin configuracion, se deja continuar...]
[2016-07-11 12:04:01,157][clinicSoft][INFO][10476][## login_view  ##]
[2016-07-11 12:04:01,158][clinicSoft][INFO][10476][user-> root@gmail.com]
[2016-07-11 12:04:01,158][clinicSoft][INFO][10476][passwd-> 123456]
[2016-07-11 12:04:01,158][clinicSoft][INFO][10476][## LoginService->login  ##]
[2016-07-11 12:04:01,158][clinicSoft][INFO][10476][## LoginDao-> valida_usuario  ##]
[2016-07-11 12:04:01,159][clinicSoft][INFO][10476][id_usuario-> 1]
[2016-07-11 12:04:01,159][clinicSoft][INFO][10476][## do_after_request ##]
[2016-07-11 12:04:07,418][clinicSoft][INFO][10476][## do_before_request ##]
[2016-07-11 12:04:07,419][clinicSoft][INFO][10476][## security_filter-> valida_token ##]
[2016-07-11 12:04:07,419][clinicSoft][INFO][10476][Token correcto...]
[2016-07-11 12:04:07,419][clinicSoft][INFO][10476][## do_after_request ##]
[2016-07-11 12:04:07,446][clinicSoft][INFO][10476][## do_before_request ##]
[2016-07-11 12:04:07,446][clinicSoft][INFO][10476][## security_filter-> valida_token ##]
[2016-07-11 12:04:07,446][clinicSoft][INFO][10476][Token correcto...]
[2016-07-11 12:04:07,446][clinicSoft][INFO][10476][##  busca_medicament  ##]
[2016-07-11 12:04:07,447][clinicSoft][INFO][10476][## buscar_medicamento ##]
[2016-07-11 12:04:07,447][clinicSoft][INFO][10476][## consultar_medicamento  ##]
[2016-07-11 12:04:07,447][clinicSoft][INFO][10476][## do_after_request ##]
[2016-07-11 12:05:23,511][clinicSoft][INFO][10476][## do_before_request ##]
[2016-07-11 12:05:23,511][clinicSoft][INFO][10476][La expresion fallo o es un path sin configuracion, se deja continuar...]
[2016-07-11 12:05:23,511][clinicSoft][INFO][10476][## login_view  ##]
[2016-07-11 12:05:23,512][clinicSoft][INFO][10476][user-> root@gmail.com]
[2016-07-11 12:05:23,512][clinicSoft][INFO][10476][passwd-> 123456]
[2016-07-11 12:05:23,512][clinicSoft][INFO][10476][## LoginService->login  ##]
[2016-07-11 12:05:23,512][clinicSoft][INFO][10476][## LoginDao-> valida_usuario  ##]
[2016-07-11 12:05:23,513][clinicSoft][INFO][10476][id_usuario-> 1]
[2016-07-11 12:05:23,513][clinicSoft][INFO][10476][## do_after_request ##]
[2016-07-11 12:05:28,392][clinicSoft][INFO][10476][## do_before_request ##]
[2016-07-11 12:05:28,392][clinicSoft][INFO][10476][## security_filter-> valida_token ##]
[2016-07-11 12:05:28,392][clinicSoft][INFO][10476][Token correcto...]
[2016-07-11 12:05:28,393][clinicSoft][INFO][10476][## do_after_request ##]
[2016-07-11 12:05:28,423][clinicSoft][INFO][10476][## do_before_request ##]
[2016-07-11 12:05:28,423][clinicSoft][INFO][10476][## security_filter-> valida_token ##]
[2016-07-11 12:05:28,423][clinicSoft][INFO][10476][Token correcto...]
[2016-07-11 12:05:28,424][clinicSoft][INFO][10476][##  busca_medicament  ##]
[2016-07-11 12:05:28,424][clinicSoft][INFO][10476][## buscar_medicamento ##]
[2016-07-11 12:05:28,424][clinicSoft][INFO][10476][## consultar_medicamento  ##]
[2016-07-11 12:05:28,425][clinicSoft][INFO][10476][## do_after_request ##]
[2016-07-11 12:15:47,231][clinicSoft][INFO][10476][## do_before_request ##]
[2016-07-11 12:15:47,231][clinicSoft][INFO][10476][La expresion fallo o es un path sin configuracion, se deja continuar...]
[2016-07-11 12:15:47,232][clinicSoft][INFO][10476][## login_view  ##]
[2016-07-11 12:15:47,232][clinicSoft][INFO][10476][user-> root@gmail.com]
[2016-07-11 12:15:47,232][clinicSoft][INFO][10476][passwd-> 123456]
[2016-07-11 12:15:47,232][clinicSoft][INFO][10476][## LoginService->login  ##]
[2016-07-11 12:15:47,232][clinicSoft][INFO][10476][## LoginDao-> valida_usuario  ##]
[2016-07-11 12:15:47,233][clinicSoft][INFO][10476][id_usuario-> 1]
[2016-07-11 12:15:47,233][clinicSoft][INFO][10476][## do_after_request ##]
[2016-07-11 12:15:53,823][clinicSoft][INFO][10476][## do_before_request ##]
[2016-07-11 12:15:53,823][clinicSoft][INFO][10476][## security_filter-> valida_token ##]
[2016-07-11 12:15:53,823][clinicSoft][INFO][10476][Token correcto...]
[2016-07-11 12:15:53,824][clinicSoft][INFO][10476][## do_after_request ##]
[2016-07-11 12:15:53,835][clinicSoft][INFO][10476][## do_before_request ##]
[2016-07-11 12:15:53,835][clinicSoft][INFO][10476][## security_filter-> valida_token ##]
[2016-07-11 12:15:53,836][clinicSoft][INFO][10476][Token correcto...]
[2016-07-11 12:15:53,836][clinicSoft][INFO][10476][##  busca_medicament  ##]
[2016-07-11 12:15:53,836][clinicSoft][INFO][10476][## buscar_medicamento ##]
[2016-07-11 12:15:53,836][clinicSoft][INFO][10476][## consultar_medicamento  ##]
[2016-07-11 12:15:53,837][clinicSoft][INFO][10476][## do_after_request ##]
[2016-07-11 12:18:53,860][clinicSoft][INFO][10476][## do_before_request ##]
[2016-07-11 12:18:53,860][clinicSoft][INFO][10476][La expresion fallo o es un path sin configuracion, se deja continuar...]
[2016-07-11 12:18:53,860][clinicSoft][INFO][10476][## login_view  ##]
[2016-07-11 12:18:53,860][clinicSoft][INFO][10476][user-> root@gmail.com]
[2016-07-11 12:18:53,860][clinicSoft][INFO][10476][passwd-> 123456]
[2016-07-11 12:18:53,861][clinicSoft][INFO][10476][## LoginService->login  ##]
[2016-07-11 12:18:53,861][clinicSoft][INFO][10476][## LoginDao-> valida_usuario  ##]
[2016-07-11 12:18:53,861][clinicSoft][INFO][10476][id_usuario-> 1]
[2016-07-11 12:18:53,861][clinicSoft][INFO][10476][## do_after_request ##]
[2016-07-11 12:18:58,791][clinicSoft][INFO][10476][## do_before_request ##]
[2016-07-11 12:18:58,791][clinicSoft][INFO][10476][## security_filter-> valida_token ##]
[2016-07-11 12:18:58,792][clinicSoft][INFO][10476][Token correcto...]
[2016-07-11 12:18:58,792][clinicSoft][INFO][10476][## do_after_request ##]
[2016-07-11 12:18:58,799][clinicSoft][INFO][10476][## do_before_request ##]
[2016-07-11 12:18:58,800][clinicSoft][INFO][10476][## security_filter-> valida_token ##]
[2016-07-11 12:18:58,800][clinicSoft][INFO][10476][Token correcto...]
[2016-07-11 12:18:58,800][clinicSoft][INFO][10476][##  busca_medicament  ##]
[2016-07-11 12:18:58,801][clinicSoft][INFO][10476][## buscar_medicamento ##]
[2016-07-11 12:18:58,801][clinicSoft][INFO][10476][## consultar_medicamento  ##]
[2016-07-11 12:18:58,801][clinicSoft][INFO][10476][## do_after_request ##]
