
[2016-06-20 12:57:36,602][clinicSoft][INFO][11011][[OK] log4py]
[2016-06-20 12:57:36,619][clinicSoft][INFO][11011][## iniciando servidor clinicSoft  ##]
[2016-06-20 12:57:36,773][clinicSoft][INFO][11013][[OK] log4py]
[2016-06-20 12:57:36,788][clinicSoft][INFO][11013][## iniciando servidor clinicSoft  ##]
[2016-06-20 12:58:08,912][clinicSoft][INFO][11013][## do_before_request ##]
[2016-06-20 12:58:08,913][clinicSoft][INFO][11013][path-> /clinicSoft/login]
[2016-06-20 12:58:08,913][clinicSoft][INFO][11013][La expresion fallo o es un path sin configuracion, se deja continuar...]
[2016-06-20 12:58:08,914][clinicSoft][INFO][11013][## do_after_request ##]
[2016-06-20 12:58:08,921][clinicSoft][INFO][11013][## do_before_request ##]
[2016-06-20 12:58:08,921][clinicSoft][INFO][11013][path-> /clinicSoft/login]
[2016-06-20 12:58:08,921][clinicSoft][INFO][11013][La expresion fallo o es un path sin configuracion, se deja continuar...]
[2016-06-20 12:58:08,921][clinicSoft][INFO][11013][## login_view  ##]
[2016-06-20 12:58:08,922][clinicSoft][INFO][11013][user-> root@gmail.com]
[2016-06-20 12:58:08,922][clinicSoft][INFO][11013][passwd-> 123456]
[2016-06-20 12:58:08,922][clinicSoft][INFO][11013][## LoginService->login  ##]
[2016-06-20 12:58:08,922][clinicSoft][INFO][11013][## LoginDao-> valida_usuario  ##]
[2016-06-20 12:58:08,922][clinicSoft][INFO][11013][id_usuario-> 1]
[2016-06-20 12:58:08,923][clinicSoft][INFO][11013][## do_after_request ##]
[2016-06-20 13:01:18,811][clinicSoft][INFO][11013][## do_before_request ##]
[2016-06-20 13:01:18,811][clinicSoft][INFO][11013][path-> /clinicSoft/login]
[2016-06-20 13:01:18,812][clinicSoft][INFO][11013][La expresion fallo o es un path sin configuracion, se deja continuar...]
[2016-06-20 13:01:18,812][clinicSoft][INFO][11013][## do_after_request ##]
[2016-06-20 13:01:18,819][clinicSoft][INFO][11013][## do_before_request ##]
[2016-06-20 13:01:18,819][clinicSoft][INFO][11013][path-> /clinicSoft/login]
[2016-06-20 13:01:18,820][clinicSoft][INFO][11013][La expresion fallo o es un path sin configuracion, se deja continuar...]
[2016-06-20 13:01:18,820][clinicSoft][INFO][11013][## login_view  ##]
[2016-06-20 13:01:18,820][clinicSoft][INFO][11013][user-> root@gmail.com]
[2016-06-20 13:01:18,820][clinicSoft][INFO][11013][passwd-> 123456]
[2016-06-20 13:01:18,820][clinicSoft][INFO][11013][## LoginService->login  ##]
[2016-06-20 13:01:18,820][clinicSoft][INFO][11013][## LoginDao-> valida_usuario  ##]
[2016-06-20 13:01:18,821][clinicSoft][INFO][11013][id_usuario-> 1]
[2016-06-20 13:01:18,821][clinicSoft][INFO][11013][## do_after_request ##]
[2016-06-20 13:03:08,774][clinicSoft][INFO][11013][## do_before_request ##]
[2016-06-20 13:03:08,774][clinicSoft][INFO][11013][path-> /clinicSoft/login]
[2016-06-20 13:03:08,775][clinicSoft][INFO][11013][La expresion fallo o es un path sin configuracion, se deja continuar...]
[2016-06-20 13:03:08,775][clinicSoft][INFO][11013][## do_after_request ##]
[2016-06-20 13:03:08,789][clinicSoft][INFO][11013][## do_before_request ##]
[2016-06-20 13:03:08,789][clinicSoft][INFO][11013][path-> /clinicSoft/login]
[2016-06-20 13:03:08,789][clinicSoft][INFO][11013][La expresion fallo o es un path sin configuracion, se deja continuar...]
[2016-06-20 13:03:08,789][clinicSoft][INFO][11013][## login_view  ##]
[2016-06-20 13:03:08,790][clinicSoft][INFO][11013][user-> root@gmail.com]
[2016-06-20 13:03:08,790][clinicSoft][INFO][11013][passwd-> 123456]
[2016-06-20 13:03:08,790][clinicSoft][INFO][11013][## LoginService->login  ##]
[2016-06-20 13:03:08,790][clinicSoft][INFO][11013][## LoginDao-> valida_usuario  ##]
[2016-06-20 13:03:08,790][clinicSoft][INFO][11013][id_usuario-> 1]
[2016-06-20 13:03:08,791][clinicSoft][INFO][11013][## do_after_request ##]
[2016-06-20 13:03:44,578][clinicSoft][INFO][11013][## do_before_request ##]
[2016-06-20 13:03:44,578][clinicSoft][INFO][11013][path-> /clinicSoft/login]
[2016-06-20 13:03:44,579][clinicSoft][INFO][11013][La expresion fallo o es un path sin configuracion, se deja continuar...]
[2016-06-20 13:03:44,579][clinicSoft][INFO][11013][## do_after_request ##]
[2016-06-20 13:03:44,586][clinicSoft][INFO][11013][## do_before_request ##]
[2016-06-20 13:03:44,587][clinicSoft][INFO][11013][path-> /clinicSoft/login]
[2016-06-20 13:03:44,587][clinicSoft][INFO][11013][La expresion fallo o es un path sin configuracion, se deja continuar...]
[2016-06-20 13:03:44,587][clinicSoft][INFO][11013][## login_view  ##]
[2016-06-20 13:03:44,587][clinicSoft][INFO][11013][user-> root@gmail.com]
[2016-06-20 13:03:44,587][clinicSoft][INFO][11013][passwd-> 123456]
[2016-06-20 13:03:44,587][clinicSoft][INFO][11013][## LoginService->login  ##]
[2016-06-20 13:03:44,587][clinicSoft][INFO][11013][## LoginDao-> valida_usuario  ##]
[2016-06-20 13:03:44,588][clinicSoft][INFO][11013][id_usuario-> 1]
[2016-06-20 13:03:44,588][clinicSoft][INFO][11013][## do_after_request ##]
[2016-06-20 16:52:19,537][clinicSoft][INFO][15659][[OK] log4py]
[2016-06-20 16:52:19,561][clinicSoft][INFO][15659][## iniciando servidor clinicSoft  ##]
[2016-06-20 16:52:19,783][clinicSoft][INFO][15661][[OK] log4py]
[2016-06-20 16:52:19,801][clinicSoft][INFO][15661][## iniciando servidor clinicSoft  ##]
[2016-06-20 16:52:39,285][clinicSoft][INFO][15661][## do_before_request ##]
[2016-06-20 16:52:39,285][clinicSoft][INFO][15661][path-> /clinicSoft/login]
[2016-06-20 16:52:39,286][clinicSoft][INFO][15661][La expresion fallo o es un path sin configuracion, se deja continuar...]
[2016-06-20 16:52:39,287][clinicSoft][INFO][15661][## do_after_request ##]
[2016-06-20 16:52:39,293][clinicSoft][INFO][15661][## do_before_request ##]
[2016-06-20 16:52:39,293][clinicSoft][INFO][15661][path-> /clinicSoft/login]
[2016-06-20 16:52:39,293][clinicSoft][INFO][15661][La expresion fallo o es un path sin configuracion, se deja continuar...]
[2016-06-20 16:52:39,293][clinicSoft][INFO][15661][## login_view  ##]
[2016-06-20 16:52:39,293][clinicSoft][INFO][15661][user-> root@gmail.com]
[2016-06-20 16:52:39,293][clinicSoft][INFO][15661][passwd-> 123456]
[2016-06-20 16:52:39,293][clinicSoft][INFO][15661][## LoginService->login  ##]
[2016-06-20 16:52:39,293][clinicSoft][INFO][15661][## LoginDao-> valida_usuario  ##]
[2016-06-20 16:52:39,294][clinicSoft][INFO][15661][id_usuario-> None]
[2016-06-20 16:52:39,294][clinicSoft][ERROR][15661][Error-> Usario o password incorrecto.]
[2016-06-20 16:52:39,294][clinicSoft][INFO][15661][## do_after_request ##]
[2016-06-20 16:55:31,503][clinicSoft][INFO][15661][## do_before_request ##]
[2016-06-20 16:55:31,503][clinicSoft][INFO][15661][path-> /clinicSoft/login]
[2016-06-20 16:55:31,503][clinicSoft][INFO][15661][La expresion fallo o es un path sin configuracion, se deja continuar...]
[2016-06-20 16:55:31,504][clinicSoft][INFO][15661][## do_after_request ##]
[2016-06-20 16:55:31,510][clinicSoft][INFO][15661][## do_before_request ##]
[2016-06-20 16:55:31,510][clinicSoft][INFO][15661][path-> /clinicSoft/login]
[2016-06-20 16:55:31,510][clinicSoft][INFO][15661][La expresion fallo o es un path sin configuracion, se deja continuar...]
[2016-06-20 16:55:31,511][clinicSoft][INFO][15661][## login_view  ##]
[2016-06-20 16:55:31,511][clinicSoft][INFO][15661][user-> root@gmail.com]
[2016-06-20 16:55:31,511][clinicSoft][INFO][15661][passwd-> 123456]
[2016-06-20 16:55:31,511][clinicSoft][INFO][15661][## LoginService->login  ##]
[2016-06-20 16:55:31,511][clinicSoft][INFO][15661][## LoginDao-> valida_usuario  ##]
[2016-06-20 16:55:31,512][clinicSoft][INFO][15661][id_usuario-> 1]
[2016-06-20 16:55:31,512][clinicSoft][INFO][15661][## do_after_request ##]
[2016-07-05 10:27:58,212][clinicSoft][INFO][5312][[OK] log4py]
[2016-07-05 10:27:58,467][clinicSoft][INFO][5312][## iniciando servidor clinicSoft  ##]
[2016-07-05 10:27:59,981][clinicSoft][INFO][6440][[OK] log4py]
[2016-07-05 10:28:00,071][clinicSoft][INFO][6440][## iniciando servidor clinicSoft  ##]
[2016-07-05 10:32:16,487][clinicSoft][INFO][1764][[OK] log4py]
[2016-07-05 10:32:16,644][clinicSoft][INFO][1764][## iniciando servidor clinicSoft  ##]
[2016-07-05 10:32:18,116][clinicSoft][INFO][7784][[OK] log4py]
[2016-07-05 10:32:18,202][clinicSoft][INFO][7784][## iniciando servidor clinicSoft  ##]
[2016-07-05 10:33:32,605][clinicSoft][INFO][6448][[OK] log4py]
[2016-07-05 10:33:32,696][clinicSoft][INFO][6448][## iniciando servidor clinicSoft  ##]
[2016-07-05 10:33:34,086][clinicSoft][INFO][7496][[OK] log4py]
[2016-07-05 10:33:34,194][clinicSoft][INFO][7496][## iniciando servidor clinicSoft  ##]
[2016-07-05 10:34:02,375][clinicSoft][INFO][6120][[OK] log4py]
[2016-07-05 10:34:02,472][clinicSoft][INFO][6120][## iniciando servidor clinicSoft  ##]
[2016-07-05 10:34:03,765][clinicSoft][INFO][7396][[OK] log4py]
[2016-07-05 10:34:03,849][clinicSoft][INFO][7396][## iniciando servidor clinicSoft  ##]
[2016-07-05 14:48:08,838][clinicSoft][INFO][8464][[OK] log4py]
[2016-07-05 14:48:08,959][clinicSoft][INFO][8464][## iniciando servidor clinicSoft  ##]
[2016-07-05 14:48:10,316][clinicSoft][INFO][9348][[OK] log4py]
[2016-07-05 14:48:10,401][clinicSoft][INFO][9348][## iniciando servidor clinicSoft  ##]
[2016-07-05 14:56:20,503][clinicSoft][INFO][8704][[OK] log4py]
[2016-07-05 14:56:20,590][clinicSoft][INFO][8704][## iniciando servidor clinicSoft  ##]
[2016-07-05 14:56:21,905][clinicSoft][INFO][7812][[OK] log4py]
[2016-07-05 14:56:21,988][clinicSoft][INFO][7812][## iniciando servidor clinicSoft  ##]
[2016-07-05 14:57:43,332][clinicSoft][INFO][7812][## do_after_request ##]
[2016-07-05 14:57:43,338][clinicSoft][INFO][7812][## login_view  ##]
[2016-07-05 14:57:43,339][clinicSoft][INFO][7812][user-> root@gmail.com]
[2016-07-05 14:57:43,339][clinicSoft][INFO][7812][passwd-> 123456]
[2016-07-05 14:57:43,340][clinicSoft][INFO][7812][## LoginService->login  ##]
[2016-07-05 14:57:43,341][clinicSoft][INFO][7812][## LoginDao-> valida_usuario  ##]
[2016-07-05 14:57:43,344][clinicSoft][INFO][7812][id_usuario-> 1]
[2016-07-05 14:57:43,345][clinicSoft][INFO][7812][## do_after_request ##]
[2016-07-05 14:59:57,444][clinicSoft][INFO][7812][## do_after_request ##]
[2016-07-05 14:59:57,448][clinicSoft][INFO][7812][## insertar_medicamento  ##]
[2016-07-05 14:59:57,449][clinicSoft][INFO][7812][## insertar_medicamento ##]
[2016-07-05 14:59:57,449][clinicSoft][INFO][7812][##  insertar_medicamento  ##]
[2016-07-05 14:59:57,595][clinicSoft][INFO][7812][## do_after_request ##]
[2016-07-05 15:00:06,235][clinicSoft][INFO][7812][## do_after_request ##]
[2016-07-05 15:00:06,240][clinicSoft][INFO][7812][## insertar_medicamento  ##]
[2016-07-05 15:00:06,241][clinicSoft][INFO][7812][## insertar_medicamento ##]
[2016-07-05 15:00:06,241][clinicSoft][INFO][7812][##  insertar_medicamento  ##]
[2016-07-05 15:00:06,244][clinicSoft][ERROR][7812][Error-> UNIQUE constraint failed: MEDICAMENTO.MED_ID]
[2016-07-05 15:00:06,244][clinicSoft][ERROR][7812][Error-> UNIQUE constraint failed: MEDICAMENTO.MED_ID]
[2016-07-05 15:00:06,247][clinicSoft][INFO][7812][## do_after_request ##]
